Traceback (most recent call last):
  File "/home/humphrey/anaconda3/envs/quantecon/lib/python3.10/site-packages/jupyter_cache/executors/utils.py", line 58, in single_nb_execution
    executenb(
  File "/home/humphrey/anaconda3/envs/quantecon/lib/python3.10/site-packages/nbclient/client.py", line 1204, in execute
    return NotebookClient(nb=nb, resources=resources, km=km, **kwargs).execute()
  File "/home/humphrey/anaconda3/envs/quantecon/lib/python3.10/site-packages/nbclient/util.py", line 84, in wrapped
    return just_run(coro(*args, **kwargs))
  File "/home/humphrey/anaconda3/envs/quantecon/lib/python3.10/site-packages/nbclient/util.py", line 62, in just_run
    return loop.run_until_complete(coro)
  File "/home/humphrey/anaconda3/envs/quantecon/lib/python3.10/asyncio/base_events.py", line 649, in run_until_complete
    return future.result()
  File "/home/humphrey/anaconda3/envs/quantecon/lib/python3.10/site-packages/nbclient/client.py", line 663, in async_execute
    await self.async_execute_cell(
  File "/home/humphrey/anaconda3/envs/quantecon/lib/python3.10/site-packages/nbclient/client.py", line 965, in async_execute_cell
    await self._check_raise_for_error(cell, cell_index, exec_reply)
  File "/home/humphrey/anaconda3/envs/quantecon/lib/python3.10/site-packages/nbclient/client.py", line 862, in _check_raise_for_error
    raise CellExecutionError.from_cell_and_msg(cell, exec_reply_content)
nbclient.exceptions.CellExecutionError: An error occurred while executing the following cell:
------------------
fig, ax = plt.subplots(1, 2)

ax[0].plot(y_hat_t, label=r'$E[y_t| y^{t-1}]$')
ax[0].set_xlabel('Time')
ax[0].set_ylabel(r'$E[y_t]$')
ax[0].set_title(r'$E[y_t]$ over time')
ax[0].legend()

ax[1].plot(u_hat_t, label=r'$E[u_t|y^{t-1}]$')
ax[1].axhline(y=u_0, color='grey', 
            linestyle='dashed', label=fr'$u_0={u_0:.2f}$')
ax[1].set_xlabel('Time')
ax[1].set_ylabel(r'$E[u_t|y^{t-1}]$')
ax[1].set_title('Inferred work ethic over time')
ax[1].legend()

fig.tight_layout()
plt.show()
------------------

[0;31m---------------------------------------------------------------------------[0m
[0;31mRuntimeError[0m                              Traceback (most recent call last)
File [0;32m~/anaconda3/envs/quantecon/lib/python3.10/site-packages/IPython/core/formatters.py:340[0m, in [0;36mBaseFormatter.__call__[0;34m(self, obj)[0m
[1;32m    338[0m     [38;5;28;01mpass[39;00m
[1;32m    339[0m [38;5;28;01melse[39;00m:
[0;32m--> 340[0m     [38;5;28;01mreturn[39;00m [43mprinter[49m[43m([49m[43mobj[49m[43m)[49m
[1;32m    341[0m [38;5;66;03m# Finally look for special method names[39;00m
[1;32m    342[0m method [38;5;241m=[39m get_real_method(obj, [38;5;28mself[39m[38;5;241m.[39mprint_method)

File [0;32m~/anaconda3/envs/quantecon/lib/python3.10/site-packages/IPython/core/pylabtools.py:152[0m, in [0;36mprint_figure[0;34m(fig, fmt, bbox_inches, base64, **kwargs)[0m
[1;32m    149[0m     [38;5;28;01mfrom[39;00m [38;5;21;01mmatplotlib[39;00m[38;5;21;01m.[39;00m[38;5;21;01mbackend_bases[39;00m [38;5;28;01mimport[39;00m FigureCanvasBase
[1;32m    150[0m     FigureCanvasBase(fig)
[0;32m--> 152[0m [43mfig[49m[38;5;241;43m.[39;49m[43mcanvas[49m[38;5;241;43m.[39;49m[43mprint_figure[49m[43m([49m[43mbytes_io[49m[43m,[49m[43m [49m[38;5;241;43m*[39;49m[38;5;241;43m*[39;49m[43mkw[49m[43m)[49m
[1;32m    153[0m data [38;5;241m=[39m bytes_io[38;5;241m.[39mgetvalue()
[1;32m    154[0m [38;5;28;01mif[39;00m fmt [38;5;241m==[39m [38;5;124m'[39m[38;5;124msvg[39m[38;5;124m'[39m:

File [0;32m~/anaconda3/envs/quantecon/lib/python3.10/site-packages/matplotlib/backend_bases.py:2342[0m, in [0;36mFigureCanvasBase.print_figure[0;34m(self, filename, dpi, facecolor, edgecolor, orientation, format, bbox_inches, pad_inches, bbox_extra_artists, backend, **kwargs)[0m
[1;32m   2336[0m     renderer [38;5;241m=[39m _get_renderer(
[1;32m   2337[0m         [38;5;28mself[39m[38;5;241m.[39mfigure,
[1;32m   2338[0m         functools[38;5;241m.[39mpartial(
[1;32m   2339[0m             print_method, orientation[38;5;241m=[39morientation)
[1;32m   2340[0m     )
[1;32m   2341[0m     [38;5;28;01mwith[39;00m [38;5;28mgetattr[39m(renderer, [38;5;124m"[39m[38;5;124m_draw_disabled[39m[38;5;124m"[39m, nullcontext)():
[0;32m-> 2342[0m         [38;5;28;43mself[39;49m[38;5;241;43m.[39;49m[43mfigure[49m[38;5;241;43m.[39;49m[43mdraw[49m[43m([49m[43mrenderer[49m[43m)[49m
[1;32m   2344[0m [38;5;28;01mif[39;00m bbox_inches:
[1;32m   2345[0m     [38;5;28;01mif[39;00m bbox_inches [38;5;241m==[39m [38;5;124m"[39m[38;5;124mtight[39m[38;5;124m"[39m:

File [0;32m~/anaconda3/envs/quantecon/lib/python3.10/site-packages/matplotlib/artist.py:95[0m, in [0;36m_finalize_rasterization.<locals>.draw_wrapper[0;34m(artist, renderer, *args, **kwargs)[0m
[1;32m     93[0m [38;5;129m@wraps[39m(draw)
[1;32m     94[0m [38;5;28;01mdef[39;00m [38;5;21mdraw_wrapper[39m(artist, renderer, [38;5;241m*[39margs, [38;5;241m*[39m[38;5;241m*[39mkwargs):
[0;32m---> 95[0m     result [38;5;241m=[39m [43mdraw[49m[43m([49m[43martist[49m[43m,[49m[43m [49m[43mrenderer[49m[43m,[49m[43m [49m[38;5;241;43m*[39;49m[43margs[49m[43m,[49m[43m [49m[38;5;241;43m*[39;49m[38;5;241;43m*[39;49m[43mkwargs[49m[43m)[49m
[1;32m     96[0m     [38;5;28;01mif[39;00m renderer[38;5;241m.[39m_rasterizing:
[1;32m     97[0m         renderer[38;5;241m.[39mstop_rasterizing()

File [0;32m~/anaconda3/envs/quantecon/lib/python3.10/site-packages/matplotlib/artist.py:72[0m, in [0;36mallow_rasterization.<locals>.draw_wrapper[0;34m(artist, renderer)[0m
[1;32m     69[0m     [38;5;28;01mif[39;00m artist[38;5;241m.[39mget_agg_filter() [38;5;129;01mis[39;00m [38;5;129;01mnot[39;00m [38;5;28;01mNone[39;00m:
[1;32m     70[0m         renderer[38;5;241m.[39mstart_filter()
[0;32m---> 72[0m     [38;5;28;01mreturn[39;00m [43mdraw[49m[43m([49m[43martist[49m[43m,[49m[43m [49m[43mrenderer[49m[43m)[49m
[1;32m     73[0m [38;5;28;01mfinally[39;00m:
[1;32m     74[0m     [38;5;28;01mif[39;00m artist[38;5;241m.[39mget_agg_filter() [38;5;129;01mis[39;00m [38;5;129;01mnot[39;00m [38;5;28;01mNone[39;00m:

File [0;32m~/anaconda3/envs/quantecon/lib/python3.10/site-packages/matplotlib/figure.py:3140[0m, in [0;36mFigure.draw[0;34m(self, renderer)[0m
[1;32m   3137[0m         [38;5;66;03m# ValueError can occur when resizing a window.[39;00m
[1;32m   3139[0m [38;5;28mself[39m[38;5;241m.[39mpatch[38;5;241m.[39mdraw(renderer)
[0;32m-> 3140[0m [43mmimage[49m[38;5;241;43m.[39;49m[43m_draw_list_compositing_images[49m[43m([49m
[1;32m   3141[0m [43m    [49m[43mrenderer[49m[43m,[49m[43m [49m[38;5;28;43mself[39;49m[43m,[49m[43m [49m[43martists[49m[43m,[49m[43m [49m[38;5;28;43mself[39;49m[38;5;241;43m.[39;49m[43msuppressComposite[49m[43m)[49m
[1;32m   3143[0m [38;5;28;01mfor[39;00m sfig [38;5;129;01min[39;00m [38;5;28mself[39m[38;5;241m.[39msubfigs:
[1;32m   3144[0m     sfig[38;5;241m.[39mdraw(renderer)

File [0;32m~/anaconda3/envs/quantecon/lib/python3.10/site-packages/matplotlib/image.py:131[0m, in [0;36m_draw_list_compositing_images[0;34m(renderer, parent, artists, suppress_composite)[0m
[1;32m    129[0m [38;5;28;01mif[39;00m not_composite [38;5;129;01mor[39;00m [38;5;129;01mnot[39;00m has_images:
[1;32m    130[0m     [38;5;28;01mfor[39;00m a [38;5;129;01min[39;00m artists:
[0;32m--> 131[0m         [43ma[49m[38;5;241;43m.[39;49m[43mdraw[49m[43m([49m[43mrenderer[49m[43m)[49m
[1;32m    132[0m [38;5;28;01melse[39;00m:
[1;32m    133[0m     [38;5;66;03m# Composite any adjacent images together[39;00m
[1;32m    134[0m     image_group [38;5;241m=[39m []

File [0;32m~/anaconda3/envs/quantecon/lib/python3.10/site-packages/matplotlib/artist.py:72[0m, in [0;36mallow_rasterization.<locals>.draw_wrapper[0;34m(artist, renderer)[0m
[1;32m     69[0m     [38;5;28;01mif[39;00m artist[38;5;241m.[39mget_agg_filter() [38;5;129;01mis[39;00m [38;5;129;01mnot[39;00m [38;5;28;01mNone[39;00m:
[1;32m     70[0m         renderer[38;5;241m.[39mstart_filter()
[0;32m---> 72[0m     [38;5;28;01mreturn[39;00m [43mdraw[49m[43m([49m[43martist[49m[43m,[49m[43m [49m[43mrenderer[49m[43m)[49m
[1;32m     73[0m [38;5;28;01mfinally[39;00m:
[1;32m     74[0m     [38;5;28;01mif[39;00m artist[38;5;241m.[39mget_agg_filter() [38;5;129;01mis[39;00m [38;5;129;01mnot[39;00m [38;5;28;01mNone[39;00m:

File [0;32m~/anaconda3/envs/quantecon/lib/python3.10/site-packages/matplotlib/axes/_base.py:3028[0m, in [0;36m_AxesBase.draw[0;34m(self, renderer)[0m
[1;32m   3025[0m     [38;5;28;01mfor[39;00m spine [38;5;129;01min[39;00m [38;5;28mself[39m[38;5;241m.[39mspines[38;5;241m.[39mvalues():
[1;32m   3026[0m         artists[38;5;241m.[39mremove(spine)
[0;32m-> 3028[0m [38;5;28;43mself[39;49m[38;5;241;43m.[39;49m[43m_update_title_position[49m[43m([49m[43mrenderer[49m[43m)[49m
[1;32m   3030[0m [38;5;28;01mif[39;00m [38;5;129;01mnot[39;00m [38;5;28mself[39m[38;5;241m.[39maxison:
[1;32m   3031[0m     [38;5;28;01mfor[39;00m _axis [38;5;129;01min[39;00m [38;5;28mself[39m[38;5;241m.[39m_axis_map[38;5;241m.[39mvalues():

File [0;32m~/anaconda3/envs/quantecon/lib/python3.10/site-packages/matplotlib/axes/_base.py:2972[0m, in [0;36m_AxesBase._update_title_position[0;34m(self, renderer)[0m
[1;32m   2970[0m top [38;5;241m=[39m [38;5;28mmax[39m(top, bb[38;5;241m.[39mymax)
[1;32m   2971[0m [38;5;28;01mif[39;00m title[38;5;241m.[39mget_text():
[0;32m-> 2972[0m     [43max[49m[38;5;241;43m.[39;49m[43myaxis[49m[38;5;241;43m.[39;49m[43mget_tightbbox[49m[43m([49m[43mrenderer[49m[43m)[49m  [38;5;66;03m# update offsetText[39;00m
[1;32m   2973[0m     [38;5;28;01mif[39;00m ax[38;5;241m.[39myaxis[38;5;241m.[39moffsetText[38;5;241m.[39mget_text():
[1;32m   2974[0m         bb [38;5;241m=[39m ax[38;5;241m.[39myaxis[38;5;241m.[39moffsetText[38;5;241m.[39mget_tightbbox(renderer)

File [0;32m~/anaconda3/envs/quantecon/lib/python3.10/site-packages/matplotlib/axis.py:1325[0m, in [0;36mAxis.get_tightbbox[0;34m(self, renderer, for_layout_only)[0m
[1;32m   1322[0m     renderer [38;5;241m=[39m [38;5;28mself[39m[38;5;241m.[39mfigure[38;5;241m.[39m_get_renderer()
[1;32m   1323[0m ticks_to_draw [38;5;241m=[39m [38;5;28mself[39m[38;5;241m.[39m_update_ticks()
[0;32m-> 1325[0m [38;5;28;43mself[39;49m[38;5;241;43m.[39;49m[43m_update_label_position[49m[43m([49m[43mrenderer[49m[43m)[49m
[1;32m   1327[0m [38;5;66;03m# go back to just this axis's tick labels[39;00m
[1;32m   1328[0m tlb1, tlb2 [38;5;241m=[39m [38;5;28mself[39m[38;5;241m.[39m_get_ticklabel_bboxes(ticks_to_draw, renderer)

File [0;32m~/anaconda3/envs/quantecon/lib/python3.10/site-packages/matplotlib/axis.py:2565[0m, in [0;36mYAxis._update_label_position[0;34m(self, renderer)[0m
[1;32m   2561[0m     [38;5;28;01mreturn[39;00m
[1;32m   2563[0m [38;5;66;03m# get bounding boxes for this axis and any siblings[39;00m
[1;32m   2564[0m [38;5;66;03m# that have been set by `fig.align_ylabels()`[39;00m
[0;32m-> 2565[0m bboxes, bboxes2 [38;5;241m=[39m [38;5;28;43mself[39;49m[38;5;241;43m.[39;49m[43m_get_tick_boxes_siblings[49m[43m([49m[43mrenderer[49m[38;5;241;43m=[39;49m[43mrenderer[49m[43m)[49m
[1;32m   2566[0m x, y [38;5;241m=[39m [38;5;28mself[39m[38;5;241m.[39mlabel[38;5;241m.[39mget_position()
[1;32m   2567[0m [38;5;28;01mif[39;00m [38;5;28mself[39m[38;5;241m.[39mlabel_position [38;5;241m==[39m [38;5;124m'[39m[38;5;124mleft[39m[38;5;124m'[39m:

File [0;32m~/anaconda3/envs/quantecon/lib/python3.10/site-packages/matplotlib/axis.py:2100[0m, in [0;36mAxis._get_tick_boxes_siblings[0;34m(self, renderer)[0m
[1;32m   2098[0m axis [38;5;241m=[39m [38;5;28mgetattr[39m(ax, [38;5;124mf[39m[38;5;124m"[39m[38;5;132;01m{[39;00maxis_name[38;5;132;01m}[39;00m[38;5;124maxis[39m[38;5;124m"[39m)
[1;32m   2099[0m ticks_to_draw [38;5;241m=[39m axis[38;5;241m.[39m_update_ticks()
[0;32m-> 2100[0m tlb, tlb2 [38;5;241m=[39m [43maxis[49m[38;5;241;43m.[39;49m[43m_get_ticklabel_bboxes[49m[43m([49m[43mticks_to_draw[49m[43m,[49m[43m [49m[43mrenderer[49m[43m)[49m
[1;32m   2101[0m bboxes[38;5;241m.[39mextend(tlb)
[1;32m   2102[0m bboxes2[38;5;241m.[39mextend(tlb2)

File [0;32m~/anaconda3/envs/quantecon/lib/python3.10/site-packages/matplotlib/axis.py:1304[0m, in [0;36mAxis._get_ticklabel_bboxes[0;34m(self, ticks, renderer)[0m
[1;32m   1302[0m [38;5;28;01mif[39;00m renderer [38;5;129;01mis[39;00m [38;5;28;01mNone[39;00m:
[1;32m   1303[0m     renderer [38;5;241m=[39m [38;5;28mself[39m[38;5;241m.[39mfigure[38;5;241m.[39m_get_renderer()
[0;32m-> 1304[0m [38;5;28;01mreturn[39;00m ([tick[38;5;241m.[39mlabel1[38;5;241m.[39mget_window_extent(renderer)
[1;32m   1305[0m          [38;5;28;01mfor[39;00m tick [38;5;129;01min[39;00m ticks [38;5;28;01mif[39;00m tick[38;5;241m.[39mlabel1[38;5;241m.[39mget_visible()],
[1;32m   1306[0m         [tick[38;5;241m.[39mlabel2[38;5;241m.[39mget_window_extent(renderer)
[1;32m   1307[0m          [38;5;28;01mfor[39;00m tick [38;5;129;01min[39;00m ticks [38;5;28;01mif[39;00m tick[38;5;241m.[39mlabel2[38;5;241m.[39mget_visible()])

File [0;32m~/anaconda3/envs/quantecon/lib/python3.10/site-packages/matplotlib/axis.py:1304[0m, in [0;36m<listcomp>[0;34m(.0)[0m
[1;32m   1302[0m [38;5;28;01mif[39;00m renderer [38;5;129;01mis[39;00m [38;5;28;01mNone[39;00m:
[1;32m   1303[0m     renderer [38;5;241m=[39m [38;5;28mself[39m[38;5;241m.[39mfigure[38;5;241m.[39m_get_renderer()
[0;32m-> 1304[0m [38;5;28;01mreturn[39;00m ([[43mtick[49m[38;5;241;43m.[39;49m[43mlabel1[49m[38;5;241;43m.[39;49m[43mget_window_extent[49m[43m([49m[43mrenderer[49m[43m)[49m
[1;32m   1305[0m          [38;5;28;01mfor[39;00m tick [38;5;129;01min[39;00m ticks [38;5;28;01mif[39;00m tick[38;5;241m.[39mlabel1[38;5;241m.[39mget_visible()],
[1;32m   1306[0m         [tick[38;5;241m.[39mlabel2[38;5;241m.[39mget_window_extent(renderer)
[1;32m   1307[0m          [38;5;28;01mfor[39;00m tick [38;5;129;01min[39;00m ticks [38;5;28;01mif[39;00m tick[38;5;241m.[39mlabel2[38;5;241m.[39mget_visible()])

File [0;32m~/anaconda3/envs/quantecon/lib/python3.10/site-packages/matplotlib/text.py:959[0m, in [0;36mText.get_window_extent[0;34m(self, renderer, dpi)[0m
[1;32m    954[0m     [38;5;28;01mraise[39;00m [38;5;167;01mRuntimeError[39;00m(
[1;32m    955[0m         [38;5;124m"[39m[38;5;124mCannot get window extent of text w/o renderer. You likely [39m[38;5;124m"[39m
[1;32m    956[0m         [38;5;124m"[39m[38;5;124mwant to call [39m[38;5;124m'[39m[38;5;124mfigure.draw_without_rendering()[39m[38;5;124m'[39m[38;5;124m first.[39m[38;5;124m"[39m)
[1;32m    958[0m [38;5;28;01mwith[39;00m cbook[38;5;241m.[39m_setattr_cm([38;5;28mself[39m[38;5;241m.[39mfigure, dpi[38;5;241m=[39mdpi):
[0;32m--> 959[0m     bbox, info, descent [38;5;241m=[39m [38;5;28;43mself[39;49m[38;5;241;43m.[39;49m[43m_get_layout[49m[43m([49m[38;5;28;43mself[39;49m[38;5;241;43m.[39;49m[43m_renderer[49m[43m)[49m
[1;32m    960[0m     x, y [38;5;241m=[39m [38;5;28mself[39m[38;5;241m.[39mget_unitless_position()
[1;32m    961[0m     x, y [38;5;241m=[39m [38;5;28mself[39m[38;5;241m.[39mget_transform()[38;5;241m.[39mtransform((x, y))

File [0;32m~/anaconda3/envs/quantecon/lib/python3.10/site-packages/matplotlib/text.py:378[0m, in [0;36mText._get_layout[0;34m(self, renderer)[0m
[1;32m    375[0m ys [38;5;241m=[39m []
[1;32m    377[0m [38;5;66;03m# Full vertical extent of font, including ascenders and descenders:[39;00m
[0;32m--> 378[0m _, lp_h, lp_d [38;5;241m=[39m [43m_get_text_metrics_with_cache[49m[43m([49m
[1;32m    379[0m [43m    [49m[43mrenderer[49m[43m,[49m[43m [49m[38;5;124;43m"[39;49m[38;5;124;43mlp[39;49m[38;5;124;43m"[39;49m[43m,[49m[43m [49m[38;5;28;43mself[39;49m[38;5;241;43m.[39;49m[43m_fontproperties[49m[43m,[49m
[1;32m    380[0m [43m    [49m[43mismath[49m[38;5;241;43m=[39;49m[38;5;124;43m"[39;49m[38;5;124;43mTeX[39;49m[38;5;124;43m"[39;49m[43m [49m[38;5;28;43;01mif[39;49;00m[43m [49m[38;5;28;43mself[39;49m[38;5;241;43m.[39;49m[43mget_usetex[49m[43m([49m[43m)[49m[43m [49m[38;5;28;43;01melse[39;49;00m[43m [49m[38;5;28;43;01mFalse[39;49;00m[43m,[49m[43m [49m[43mdpi[49m[38;5;241;43m=[39;49m[38;5;28;43mself[39;49m[38;5;241;43m.[39;49m[43mfigure[49m[38;5;241;43m.[39;49m[43mdpi[49m[43m)[49m
[1;32m    381[0m min_dy [38;5;241m=[39m (lp_h [38;5;241m-[39m lp_d) [38;5;241m*[39m [38;5;28mself[39m[38;5;241m.[39m_linespacing
[1;32m    383[0m [38;5;28;01mfor[39;00m i, line [38;5;129;01min[39;00m [38;5;28menumerate[39m(lines):

File [0;32m~/anaconda3/envs/quantecon/lib/python3.10/site-packages/matplotlib/text.py:97[0m, in [0;36m_get_text_metrics_with_cache[0;34m(renderer, text, fontprop, ismath, dpi)[0m
[1;32m     94[0m [38;5;250m[39m[38;5;124;03m"""Call ``renderer.get_text_width_height_descent``, caching the results."""[39;00m
[1;32m     95[0m [38;5;66;03m# Cached based on a copy of fontprop so that later in-place mutations of[39;00m
[1;32m     96[0m [38;5;66;03m# the passed-in argument do not mess up the cache.[39;00m
[0;32m---> 97[0m [38;5;28;01mreturn[39;00m [43m_get_text_metrics_with_cache_impl[49m[43m([49m
[1;32m     98[0m [43m    [49m[43mweakref[49m[38;5;241;43m.[39;49m[43mref[49m[43m([49m[43mrenderer[49m[43m)[49m[43m,[49m[43m [49m[43mtext[49m[43m,[49m[43m [49m[43mfontprop[49m[38;5;241;43m.[39;49m[43mcopy[49m[43m([49m[43m)[49m[43m,[49m[43m [49m[43mismath[49m[43m,[49m[43m [49m[43mdpi[49m[43m)[49m

File [0;32m~/anaconda3/envs/quantecon/lib/python3.10/site-packages/matplotlib/text.py:105[0m, in [0;36m_get_text_metrics_with_cache_impl[0;34m(renderer_ref, text, fontprop, ismath, dpi)[0m
[1;32m    101[0m [38;5;129m@functools[39m[38;5;241m.[39mlru_cache([38;5;241m4096[39m)
[1;32m    102[0m [38;5;28;01mdef[39;00m [38;5;21m_get_text_metrics_with_cache_impl[39m(
[1;32m    103[0m         renderer_ref, text, fontprop, ismath, dpi):
[1;32m    104[0m     [38;5;66;03m# dpi is unused, but participates in cache invalidation (via the renderer).[39;00m
[0;32m--> 105[0m     [38;5;28;01mreturn[39;00m [43mrenderer_ref[49m[43m([49m[43m)[49m[38;5;241;43m.[39;49m[43mget_text_width_height_descent[49m[43m([49m[43mtext[49m[43m,[49m[43m [49m[43mfontprop[49m[43m,[49m[43m [49m[43mismath[49m[43m)[49m

File [0;32m~/anaconda3/envs/quantecon/lib/python3.10/site-packages/matplotlib/backends/backend_agg.py:226[0m, in [0;36mRendererAgg.get_text_width_height_descent[0;34m(self, s, prop, ismath)[0m
[1;32m    224[0m _api[38;5;241m.[39mcheck_in_list([[38;5;124m"[39m[38;5;124mTeX[39m[38;5;124m"[39m, [38;5;28;01mTrue[39;00m, [38;5;28;01mFalse[39;00m], ismath[38;5;241m=[39mismath)
[1;32m    225[0m [38;5;28;01mif[39;00m ismath [38;5;241m==[39m [38;5;124m"[39m[38;5;124mTeX[39m[38;5;124m"[39m:
[0;32m--> 226[0m     [38;5;28;01mreturn[39;00m [38;5;28;43msuper[39;49m[43m([49m[43m)[49m[38;5;241;43m.[39;49m[43mget_text_width_height_descent[49m[43m([49m[43ms[49m[43m,[49m[43m [49m[43mprop[49m[43m,[49m[43m [49m[43mismath[49m[43m)[49m
[1;32m    228[0m [38;5;28;01mif[39;00m ismath:
[1;32m    229[0m     ox, oy, width, height, descent, font_image [38;5;241m=[39m \
[1;32m    230[0m         [38;5;28mself[39m[38;5;241m.[39mmathtext_parser[38;5;241m.[39mparse(s, [38;5;28mself[39m[38;5;241m.[39mdpi, prop)

File [0;32m~/anaconda3/envs/quantecon/lib/python3.10/site-packages/matplotlib/backend_bases.py:645[0m, in [0;36mRendererBase.get_text_width_height_descent[0;34m(self, s, prop, ismath)[0m
[1;32m    641[0m fontsize [38;5;241m=[39m prop[38;5;241m.[39mget_size_in_points()
[1;32m    643[0m [38;5;28;01mif[39;00m ismath [38;5;241m==[39m [38;5;124m'[39m[38;5;124mTeX[39m[38;5;124m'[39m:
[1;32m    644[0m     [38;5;66;03m# todo: handle properties[39;00m
[0;32m--> 645[0m     [38;5;28;01mreturn[39;00m [38;5;28;43mself[39;49m[38;5;241;43m.[39;49m[43mget_texmanager[49m[43m([49m[43m)[49m[38;5;241;43m.[39;49m[43mget_text_width_height_descent[49m[43m([49m
[1;32m    646[0m [43m        [49m[43ms[49m[43m,[49m[43m [49m[43mfontsize[49m[43m,[49m[43m [49m[43mrenderer[49m[38;5;241;43m=[39;49m[38;5;28;43mself[39;49m[43m)[49m
[1;32m    648[0m dpi [38;5;241m=[39m [38;5;28mself[39m[38;5;241m.[39mpoints_to_pixels([38;5;241m72[39m)
[1;32m    649[0m [38;5;28;01mif[39;00m ismath:

File [0;32m~/anaconda3/envs/quantecon/lib/python3.10/site-packages/matplotlib/texmanager.py:368[0m, in [0;36mTexManager.get_text_width_height_descent[0;34m(cls, tex, fontsize, renderer)[0m
[1;32m    366[0m [38;5;28;01mif[39;00m tex[38;5;241m.[39mstrip() [38;5;241m==[39m [38;5;124m'[39m[38;5;124m'[39m:
[1;32m    367[0m     [38;5;28;01mreturn[39;00m [38;5;241m0[39m, [38;5;241m0[39m, [38;5;241m0[39m
[0;32m--> 368[0m dvifile [38;5;241m=[39m [38;5;28;43mcls[39;49m[38;5;241;43m.[39;49m[43mmake_dvi[49m[43m([49m[43mtex[49m[43m,[49m[43m [49m[43mfontsize[49m[43m)[49m
[1;32m    369[0m dpi_fraction [38;5;241m=[39m renderer[38;5;241m.[39mpoints_to_pixels([38;5;241m1.[39m) [38;5;28;01mif[39;00m renderer [38;5;28;01melse[39;00m [38;5;241m1[39m
[1;32m    370[0m [38;5;28;01mwith[39;00m dviread[38;5;241m.[39mDvi(dvifile, [38;5;241m72[39m [38;5;241m*[39m dpi_fraction) [38;5;28;01mas[39;00m dvi:

File [0;32m~/anaconda3/envs/quantecon/lib/python3.10/site-packages/matplotlib/texmanager.py:300[0m, in [0;36mTexManager.make_dvi[0;34m(cls, tex, fontsize)[0m
[1;32m    298[0m     [38;5;28;01mwith[39;00m TemporaryDirectory([38;5;28mdir[39m[38;5;241m=[39mcwd) [38;5;28;01mas[39;00m tmpdir:
[1;32m    299[0m         tmppath [38;5;241m=[39m Path(tmpdir)
[0;32m--> 300[0m         [38;5;28;43mcls[39;49m[38;5;241;43m.[39;49m[43m_run_checked_subprocess[49m[43m([49m
[1;32m    301[0m [43m            [49m[43m[[49m[38;5;124;43m"[39;49m[38;5;124;43mlatex[39;49m[38;5;124;43m"[39;49m[43m,[49m[43m [49m[38;5;124;43m"[39;49m[38;5;124;43m-interaction=nonstopmode[39;49m[38;5;124;43m"[39;49m[43m,[49m[43m [49m[38;5;124;43m"[39;49m[38;5;124;43m--halt-on-error[39;49m[38;5;124;43m"[39;49m[43m,[49m
[1;32m    302[0m [43m             [49m[38;5;124;43mf[39;49m[38;5;124;43m"[39;49m[38;5;124;43m--output-directory=[39;49m[38;5;132;43;01m{[39;49;00m[43mtmppath[49m[38;5;241;43m.[39;49m[43mname[49m[38;5;132;43;01m}[39;49;00m[38;5;124;43m"[39;49m[43m,[49m
[1;32m    303[0m [43m             [49m[38;5;124;43mf[39;49m[38;5;124;43m"[39;49m[38;5;132;43;01m{[39;49;00m[43mtexfile[49m[38;5;241;43m.[39;49m[43mname[49m[38;5;132;43;01m}[39;49;00m[38;5;124;43m"[39;49m[43m][49m[43m,[49m[43m [49m[43mtex[49m[43m,[49m[43m [49m[43mcwd[49m[38;5;241;43m=[39;49m[43mcwd[49m[43m)[49m
[1;32m    304[0m         (tmppath [38;5;241m/[39m Path(dvifile)[38;5;241m.[39mname)[38;5;241m.[39mreplace(dvifile)
[1;32m    305[0m [38;5;28;01mreturn[39;00m dvifile

File [0;32m~/anaconda3/envs/quantecon/lib/python3.10/site-packages/matplotlib/texmanager.py:263[0m, in [0;36mTexManager._run_checked_subprocess[0;34m(cls, command, tex, cwd)[0m
[1;32m    259[0m     [38;5;28;01mraise[39;00m [38;5;167;01mRuntimeError[39;00m(
[1;32m    260[0m         [38;5;124m'[39m[38;5;124mFailed to process string with tex because [39m[38;5;132;01m{}[39;00m[38;5;124m could not be [39m[38;5;124m'[39m
[1;32m    261[0m         [38;5;124m'[39m[38;5;124mfound[39m[38;5;124m'[39m[38;5;241m.[39mformat(command[[38;5;241m0[39m])) [38;5;28;01mfrom[39;00m [38;5;21;01mexc[39;00m
[1;32m    262[0m [38;5;28;01mexcept[39;00m subprocess[38;5;241m.[39mCalledProcessError [38;5;28;01mas[39;00m exc:
[0;32m--> 263[0m     [38;5;28;01mraise[39;00m [38;5;167;01mRuntimeError[39;00m(
[1;32m    264[0m         [38;5;124m'[39m[38;5;132;01m{prog}[39;00m[38;5;124m was not able to process the following string:[39m[38;5;130;01m\n[39;00m[38;5;124m'[39m
[1;32m    265[0m         [38;5;124m'[39m[38;5;132;01m{tex!r}[39;00m[38;5;130;01m\n[39;00m[38;5;130;01m\n[39;00m[38;5;124m'[39m
[1;32m    266[0m         [38;5;124m'[39m[38;5;124mHere is the full command invocation and its output:[39m[38;5;130;01m\n[39;00m[38;5;130;01m\n[39;00m[38;5;124m'[39m
[1;32m    267[0m         [38;5;124m'[39m[38;5;132;01m{format_command}[39;00m[38;5;130;01m\n[39;00m[38;5;130;01m\n[39;00m[38;5;124m'[39m
[1;32m    268[0m         [38;5;124m'[39m[38;5;132;01m{exc}[39;00m[38;5;130;01m\n[39;00m[38;5;130;01m\n[39;00m[38;5;124m'[39m[38;5;241m.[39mformat(
[1;32m    269[0m             prog[38;5;241m=[39mcommand[[38;5;241m0[39m],
[1;32m    270[0m             format_command[38;5;241m=[39mcbook[38;5;241m.[39m_pformat_subprocess(command),
[1;32m    271[0m             tex[38;5;241m=[39mtex[38;5;241m.[39mencode([38;5;124m'[39m[38;5;124municode_escape[39m[38;5;124m'[39m),
[1;32m    272[0m             exc[38;5;241m=[39mexc[38;5;241m.[39moutput[38;5;241m.[39mdecode([38;5;124m'[39m[38;5;124mutf-8[39m[38;5;124m'[39m, [38;5;124m'[39m[38;5;124mbackslashreplace[39m[38;5;124m'[39m))
[1;32m    273[0m         ) [38;5;28;01mfrom[39;00m [38;5;28;01mNone[39;00m
[1;32m    274[0m _log[38;5;241m.[39mdebug(report)
[1;32m    275[0m [38;5;28;01mreturn[39;00m report

[0;31mRuntimeError[0m: latex was not able to process the following string:
b'lp'

Here is the full command invocation and its output:

latex -interaction=nonstopmode --halt-on-error --output-directory=tmp2kigyzrc 3ef328a18725528bd1e1284a52691539.tex

This is pdfTeX, Version 3.141592653-2.6-1.40.22 (TeX Live 2022/dev/Debian) (preloaded format=latex)
 restricted \write18 enabled.
entering extended mode
(./3ef328a18725528bd1e1284a52691539.tex
LaTeX2e <2021-11-15> patch level 1
L3 programming layer <2022-01-21>
(/usr/share/texlive/texmf-dist/tex/latex/base/article.cls
Document Class: article 2021/10/04 v1.4n Standard LaTeX document class
(/usr/share/texlive/texmf-dist/tex/latex/base/size10.clo))
(/usr/share/texlive/texmf-dist/tex/latex/type1cm/type1cm.sty)

! LaTeX Error: File `type1ec.sty' not found.

Type X to quit or <RETURN> to proceed,
or enter new name. (Default extension: sty)

Enter file name: 
! Emergency stop.
<read *> 
         
l.8 \usepackage
               [utf8]{inputenc}^^M
No pages of output.
Transcript written on tmp2kigyzrc/3ef328a18725528bd1e1284a52691539.log.



RuntimeError: latex was not able to process the following string:
b'lp'

Here is the full command invocation and its output:

latex -interaction=nonstopmode --halt-on-error --output-directory=tmpif36ekq6 3ef328a18725528bd1e1284a52691539.tex

This is pdfTeX, Version 3.141592653-2.6-1.40.22 (TeX Live 2022/dev/Debian) (preloaded format=latex)
 restricted \write18 enabled.
entering extended mode
(./3ef328a18725528bd1e1284a52691539.tex
LaTeX2e <2021-11-15> patch level 1
L3 programming layer <2022-01-21>
(/usr/share/texlive/texmf-dist/tex/latex/base/article.cls
Document Class: article 2021/10/04 v1.4n Standard LaTeX document class
(/usr/share/texlive/texmf-dist/tex/latex/base/size10.clo))
(/usr/share/texlive/texmf-dist/tex/latex/type1cm/type1cm.sty)

! LaTeX Error: File `type1ec.sty' not found.

Type X to quit or <RETURN> to proceed,
or enter new name. (Default extension: sty)

Enter file name: 
! Emergency stop.
<read *> 
         
l.8 \usepackage
               [utf8]{inputenc}^^M
No pages of output.
Transcript written on tmpif36ekq6/3ef328a18725528bd1e1284a52691539.log.




