Traceback (most recent call last):
  File "/home/runner/miniconda3/envs/quantecon/lib/python3.13/site-packages/jupyter_cache/executors/utils.py", line 58, in single_nb_execution
    executenb(
    ~~~~~~~~~^
        nb,
        ^^^
    ...<4 lines>...
        **kwargs,
        ^^^^^^^^^
    )
    ^
  File "/home/runner/miniconda3/envs/quantecon/lib/python3.13/site-packages/nbclient/client.py", line 1319, in execute
    return NotebookClient(nb=nb, resources=resources, km=km, **kwargs).execute()
           ~~~~~~~~~~~~~~~~~~~~~~~~~~~~~~~~~~~~~~~~~~~~~~~~~~~~~~~~~~~~~~~~~~~^^
  File "/home/runner/miniconda3/envs/quantecon/lib/python3.13/site-packages/jupyter_core/utils/__init__.py", line 165, in wrapped
    return loop.run_until_complete(inner)
           ~~~~~~~~~~~~~~~~~~~~~~~^^^^^^^
  File "/home/runner/miniconda3/envs/quantecon/lib/python3.13/asyncio/base_events.py", line 725, in run_until_complete
    return future.result()
           ~~~~~~~~~~~~~^^
  File "/home/runner/miniconda3/envs/quantecon/lib/python3.13/site-packages/nbclient/client.py", line 709, in async_execute
    await self.async_execute_cell(
        cell, index, execution_count=self.code_cells_executed + 1
    )
  File "/home/runner/miniconda3/envs/quantecon/lib/python3.13/site-packages/nbclient/client.py", line 1062, in async_execute_cell
    await self._check_raise_for_error(cell, cell_index, exec_reply)
  File "/home/runner/miniconda3/envs/quantecon/lib/python3.13/site-packages/nbclient/client.py", line 918, in _check_raise_for_error
    raise CellExecutionError.from_cell_and_msg(cell, exec_reply_content)
nbclient.exceptions.CellExecutionError: An error occurred while executing the following cell:
------------------
## æ£€æŸ¥çŽ¯å¢ƒä¸­æ˜¯å¦å¯ç”¨äº†gpu

from jax.lib import xla_bridge
print(xla_bridge.get_backend().platform)
------------------

----- stderr -----
/tmp/ipykernel_8698/4016357847.py:3: DeprecationWarning:

jax.lib.xla_bridge module will be removed in JAX v0.9.0; all its APIs were deprecated and removed by JAX v0.8.0.
------------------

[0;31m---------------------------------------------------------------------------[0m
[0;31mAttributeError[0m                            Traceback (most recent call last)
Cell [0;32mIn[31], line 4[0m
[1;32m      1[0m [38;5;66;03m## æ£€æŸ¥çŽ¯å¢ƒä¸­æ˜¯å¦å¯ç”¨äº†gpu[39;00m
[1;32m      3[0m [38;5;28;01mfrom[39;00m[38;5;250m [39m[38;5;21;01mjax[39;00m[38;5;21;01m.[39;00m[38;5;21;01mlib[39;00m[38;5;250m [39m[38;5;28;01mimport[39;00m xla_bridge
[0;32m----> 4[0m [38;5;28mprint[39m(xla_bridge[38;5;241m.[39mget_backend()[38;5;241m.[39mplatform)

File [0;32m~/miniconda3/envs/quantecon/lib/python3.13/site-packages/jax/_src/deprecations.py:54[0m, in [0;36mdeprecation_getattr.<locals>.getattr[0;34m(name)[0m
[1;32m     52[0m message, fn [38;5;241m=[39m deprecations[name]
[1;32m     53[0m [38;5;28;01mif[39;00m fn [38;5;129;01mis[39;00m [38;5;28;01mNone[39;00m:  [38;5;66;03m# Is the deprecation accelerated?[39;00m
[0;32m---> 54[0m   [38;5;28;01mraise[39;00m [38;5;167;01mAttributeError[39;00m(message)
[1;32m     55[0m warnings[38;5;241m.[39mwarn(message, [38;5;167;01mDeprecationWarning[39;00m, stacklevel[38;5;241m=[39m[38;5;241m2[39m)
[1;32m     56[0m [38;5;28;01mreturn[39;00m fn

[0;31mAttributeError[0m: jax.lib.xla_bridge.get_backend is deprecated and will be removed in JAX v0.8.0; use jax.extend.backend.get_backend.

