Traceback (most recent call last):
  File "/home/runner/miniconda3/envs/quantecon/lib/python3.12/site-packages/jupyter_cache/executors/utils.py", line 58, in single_nb_execution
    executenb(
  File "/home/runner/miniconda3/envs/quantecon/lib/python3.12/site-packages/nbclient/client.py", line 1305, in execute
    return NotebookClient(nb=nb, resources=resources, km=km, **kwargs).execute()
           ^^^^^^^^^^^^^^^^^^^^^^^^^^^^^^^^^^^^^^^^^^^^^^^^^^^^^^^^^^^^^^^^^^^^^
  File "/home/runner/miniconda3/envs/quantecon/lib/python3.12/site-packages/jupyter_core/utils/__init__.py", line 165, in wrapped
    return loop.run_until_complete(inner)
           ^^^^^^^^^^^^^^^^^^^^^^^^^^^^^^
  File "/home/runner/miniconda3/envs/quantecon/lib/python3.12/asyncio/base_events.py", line 687, in run_until_complete
    return future.result()
           ^^^^^^^^^^^^^^^
  File "/home/runner/miniconda3/envs/quantecon/lib/python3.12/site-packages/nbclient/client.py", line 705, in async_execute
    await self.async_execute_cell(
  File "/home/runner/miniconda3/envs/quantecon/lib/python3.12/site-packages/nbclient/client.py", line 1058, in async_execute_cell
    await self._check_raise_for_error(cell, cell_index, exec_reply)
  File "/home/runner/miniconda3/envs/quantecon/lib/python3.12/site-packages/nbclient/client.py", line 914, in _check_raise_for_error
    raise CellExecutionError.from_cell_and_msg(cell, exec_reply_content)
nbclient.exceptions.CellExecutionError: An error occurred while executing the following cell:
------------------
import numpy as np
import seaborn as sns
import matplotlib.pyplot as plt
import matplotlib as mpl
FONTPATH = "fonts/SourceHanSerifSC-SemiBold.otf"
mpl.font_manager.fontManager.addfont(FONTPATH)
plt.rcParams['font.family'] = ['Source Han Serif SC']

from scipy.stats import binom
import scipy.stats as st
import torch

# jax
import jax.numpy as jnp
from jax import lax, random

# pyro
import pyro
from pyro import distributions as dist
import pyro.distributions.constraints as constraints
from pyro.infer import MCMC, NUTS, SVI, ELBO, Trace_ELBO
from pyro.optim import Adam

# numpyro
import numpyro
from numpyro import distributions as ndist
import numpyro.distributions.constraints as nconstraints
from numpyro.infer import MCMC as nMCMC
from numpyro.infer import NUTS as nNUTS
from numpyro.infer import SVI as nSVI
from numpyro.infer import ELBO as nELBO
from numpyro.infer import Trace_ELBO as nTrace_ELBO
from numpyro.optim import Adam as nAdam
------------------

----- stderr -----
/home/runner/miniconda3/envs/quantecon/lib/python3.12/site-packages/pyro/ops/stats.py:514: SyntaxWarning: invalid escape sequence '\g'
  """
------------------

[0;31m---------------------------------------------------------------------------[0m
[0;31mEOFError[0m                                  Traceback (most recent call last)
Cell [0;32mIn[2], line 18[0m
[1;32m     15[0m [38;5;28;01mfrom[39;00m [38;5;21;01mjax[39;00m [38;5;28;01mimport[39;00m lax, random
[1;32m     17[0m [38;5;66;03m# pyro[39;00m
[0;32m---> 18[0m [38;5;28;01mimport[39;00m [38;5;21;01mpyro[39;00m
[1;32m     19[0m [38;5;28;01mfrom[39;00m [38;5;21;01mpyro[39;00m [38;5;28;01mimport[39;00m distributions [38;5;28;01mas[39;00m dist
[1;32m     20[0m [38;5;28;01mimport[39;00m [38;5;21;01mpyro[39;00m[38;5;21;01m.[39;00m[38;5;21;01mdistributions[39;00m[38;5;21;01m.[39;00m[38;5;21;01mconstraints[39;00m [38;5;28;01mas[39;00m [38;5;21;01mconstraints[39;00m

File [0;32m~/miniconda3/envs/quantecon/lib/python3.12/site-packages/pyro/__init__.py:5[0m
[1;32m      1[0m [38;5;66;03m# Copyright (c) 2017-2019 Uber Technologies, Inc.[39;00m
[1;32m      2[0m [38;5;66;03m# SPDX-License-Identifier: Apache-2.0[39;00m
[1;32m      4[0m [38;5;28;01mimport[39;00m [38;5;21;01mpyro[39;00m[38;5;21;01m.[39;00m[38;5;21;01mpoutine[39;00m [38;5;28;01mas[39;00m [38;5;21;01mpoutine[39;00m
[0;32m----> 5[0m [38;5;28;01mfrom[39;00m [38;5;21;01mpyro[39;00m[38;5;21;01m.[39;00m[38;5;21;01minfer[39;00m[38;5;21;01m.[39;00m[38;5;21;01minspect[39;00m [38;5;28;01mimport[39;00m render_model
[1;32m      6[0m [38;5;28;01mfrom[39;00m [38;5;21;01mpyro[39;00m[38;5;21;01m.[39;00m[38;5;21;01mlogger[39;00m [38;5;28;01mimport[39;00m log
[1;32m      7[0m [38;5;28;01mfrom[39;00m [38;5;21;01mpyro[39;00m[38;5;21;01m.[39;00m[38;5;21;01mpoutine[39;00m [38;5;28;01mimport[39;00m condition, do, markov

File [0;32m~/miniconda3/envs/quantecon/lib/python3.12/site-packages/pyro/infer/__init__.py:11[0m
[1;32m      9[0m [38;5;28;01mfrom[39;00m [38;5;21;01mpyro[39;00m[38;5;21;01m.[39;00m[38;5;21;01minfer[39;00m[38;5;21;01m.[39;00m[38;5;21;01menum[39;00m [38;5;28;01mimport[39;00m config_enumerate
[1;32m     10[0m [38;5;28;01mfrom[39;00m [38;5;21;01mpyro[39;00m[38;5;21;01m.[39;00m[38;5;21;01minfer[39;00m[38;5;21;01m.[39;00m[38;5;21;01mimportance[39;00m [38;5;28;01mimport[39;00m Importance
[0;32m---> 11[0m [38;5;28;01mfrom[39;00m [38;5;21;01mpyro[39;00m[38;5;21;01m.[39;00m[38;5;21;01minfer[39;00m[38;5;21;01m.[39;00m[38;5;21;01mmcmc[39;00m[38;5;21;01m.[39;00m[38;5;21;01mapi[39;00m [38;5;28;01mimport[39;00m MCMC
[1;32m     12[0m [38;5;28;01mfrom[39;00m [38;5;21;01mpyro[39;00m[38;5;21;01m.[39;00m[38;5;21;01minfer[39;00m[38;5;21;01m.[39;00m[38;5;21;01mmcmc[39;00m[38;5;21;01m.[39;00m[38;5;21;01mhmc[39;00m [38;5;28;01mimport[39;00m HMC
[1;32m     13[0m [38;5;28;01mfrom[39;00m [38;5;21;01mpyro[39;00m[38;5;21;01m.[39;00m[38;5;21;01minfer[39;00m[38;5;21;01m.[39;00m[38;5;21;01mmcmc[39;00m[38;5;21;01m.[39;00m[38;5;21;01mnuts[39;00m [38;5;28;01mimport[39;00m NUTS

File [0;32m~/miniconda3/envs/quantecon/lib/python3.12/site-packages/pyro/infer/mcmc/__init__.py:5[0m
[1;32m      1[0m [38;5;66;03m# Copyright (c) 2017-2019 Uber Technologies, Inc.[39;00m
[1;32m      2[0m [38;5;66;03m# SPDX-License-Identifier: Apache-2.0[39;00m
[1;32m      4[0m [38;5;28;01mfrom[39;00m [38;5;21;01mpyro[39;00m[38;5;21;01m.[39;00m[38;5;21;01minfer[39;00m[38;5;21;01m.[39;00m[38;5;21;01mmcmc[39;00m[38;5;21;01m.[39;00m[38;5;21;01madaptation[39;00m [38;5;28;01mimport[39;00m ArrowheadMassMatrix, BlockMassMatrix
[0;32m----> 5[0m [38;5;28;01mfrom[39;00m [38;5;21;01mpyro[39;00m[38;5;21;01m.[39;00m[38;5;21;01minfer[39;00m[38;5;21;01m.[39;00m[38;5;21;01mmcmc[39;00m[38;5;21;01m.[39;00m[38;5;21;01mapi[39;00m [38;5;28;01mimport[39;00m MCMC, StreamingMCMC
[1;32m      6[0m [38;5;28;01mfrom[39;00m [38;5;21;01mpyro[39;00m[38;5;21;01m.[39;00m[38;5;21;01minfer[39;00m[38;5;21;01m.[39;00m[38;5;21;01mmcmc[39;00m[38;5;21;01m.[39;00m[38;5;21;01mhmc[39;00m [38;5;28;01mimport[39;00m HMC
[1;32m      7[0m [38;5;28;01mfrom[39;00m [38;5;21;01mpyro[39;00m[38;5;21;01m.[39;00m[38;5;21;01minfer[39;00m[38;5;21;01m.[39;00m[38;5;21;01mmcmc[39;00m[38;5;21;01m.[39;00m[38;5;21;01mnuts[39;00m [38;5;28;01mimport[39;00m NUTS

File [0;32m~/miniconda3/envs/quantecon/lib/python3.12/site-packages/pyro/infer/mcmc/api.py:28[0m
[1;32m     26[0m [38;5;28;01mimport[39;00m [38;5;21;01mpyro[39;00m
[1;32m     27[0m [38;5;28;01mimport[39;00m [38;5;21;01mpyro[39;00m[38;5;21;01m.[39;00m[38;5;21;01mpoutine[39;00m [38;5;28;01mas[39;00m [38;5;21;01mpoutine[39;00m
[0;32m---> 28[0m [38;5;28;01mfrom[39;00m [38;5;21;01mpyro[39;00m[38;5;21;01m.[39;00m[38;5;21;01minfer[39;00m[38;5;21;01m.[39;00m[38;5;21;01mmcmc[39;00m[38;5;21;01m.[39;00m[38;5;21;01mhmc[39;00m [38;5;28;01mimport[39;00m HMC
[1;32m     29[0m [38;5;28;01mfrom[39;00m [38;5;21;01mpyro[39;00m[38;5;21;01m.[39;00m[38;5;21;01minfer[39;00m[38;5;21;01m.[39;00m[38;5;21;01mmcmc[39;00m[38;5;21;01m.[39;00m[38;5;21;01mlogger[39;00m [38;5;28;01mimport[39;00m (
[1;32m     30[0m     DIAGNOSTIC_MSG,
[1;32m     31[0m     ProgressBar,
[1;32m     32[0m     TqdmHandler,
[1;32m     33[0m     initialize_logger,
[1;32m     34[0m )
[1;32m     35[0m [38;5;28;01mfrom[39;00m [38;5;21;01mpyro[39;00m[38;5;21;01m.[39;00m[38;5;21;01minfer[39;00m[38;5;21;01m.[39;00m[38;5;21;01mmcmc[39;00m[38;5;21;01m.[39;00m[38;5;21;01mnuts[39;00m [38;5;28;01mimport[39;00m NUTS

File [0;32m<frozen importlib._bootstrap>:1360[0m, in [0;36m_find_and_load[0;34m(name, import_)[0m

File [0;32m<frozen importlib._bootstrap>:1331[0m, in [0;36m_find_and_load_unlocked[0;34m(name, import_)[0m

File [0;32m<frozen importlib._bootstrap>:935[0m, in [0;36m_load_unlocked[0;34m(spec)[0m

File [0;32m<frozen importlib._bootstrap_external>:991[0m, in [0;36mexec_module[0;34m(self, module)[0m

File [0;32m<frozen importlib._bootstrap_external>:1124[0m, in [0;36mget_code[0;34m(self, fullname)[0m

File [0;32m<frozen importlib._bootstrap_external>:753[0m, in [0;36m_compile_bytecode[0;34m(data, name, bytecode_path, source_path)[0m

[0;31mEOFError[0m: marshal data too short

