Traceback (most recent call last):
  File "/home/runner/miniconda3/envs/quantecon/lib/python3.13/site-packages/jupyter_cache/executors/utils.py", line 58, in single_nb_execution
    executenb(
    ~~~~~~~~~^
        nb,
        ^^^
    ...<4 lines>...
        **kwargs,
        ^^^^^^^^^
    )
    ^
  File "/home/runner/miniconda3/envs/quantecon/lib/python3.13/site-packages/nbclient/client.py", line 1319, in execute
    return NotebookClient(nb=nb, resources=resources, km=km, **kwargs).execute()
           ~~~~~~~~~~~~~~~~~~~~~~~~~~~~~~~~~~~~~~~~~~~~~~~~~~~~~~~~~~~~~~~~~~~^^
  File "/home/runner/miniconda3/envs/quantecon/lib/python3.13/site-packages/jupyter_core/utils/__init__.py", line 165, in wrapped
    return loop.run_until_complete(inner)
           ~~~~~~~~~~~~~~~~~~~~~~~^^^^^^^
  File "/home/runner/miniconda3/envs/quantecon/lib/python3.13/asyncio/base_events.py", line 725, in run_until_complete
    return future.result()
           ~~~~~~~~~~~~~^^
  File "/home/runner/miniconda3/envs/quantecon/lib/python3.13/site-packages/nbclient/client.py", line 709, in async_execute
    await self.async_execute_cell(
        cell, index, execution_count=self.code_cells_executed + 1
    )
  File "/home/runner/miniconda3/envs/quantecon/lib/python3.13/site-packages/nbclient/client.py", line 1062, in async_execute_cell
    await self._check_raise_for_error(cell, cell_index, exec_reply)
  File "/home/runner/miniconda3/envs/quantecon/lib/python3.13/site-packages/nbclient/client.py", line 918, in _check_raise_for_error
    raise CellExecutionError.from_cell_and_msg(cell, exec_reply_content)
nbclient.exceptions.CellExecutionError: An error occurred while executing the following cell:
------------------
from numba import float64
from numba.experimental import jitclass

opt_growth_data = [
    ('Î±', float64),          # ç”Ÿäº§å‚æ•°
    ('Î²', float64),          # æŠ˜ç°å› å­
    ('Î¼', float64),          # å†²å‡»çš„å‡å€¼å‚æ•°
    ('s', float64),          # å†²å‡»çš„å°ºåº¦å‚æ•°
    ('grid', float64[:]),    # ç½‘æ ¼ï¼ˆæ•°ç»„ï¼‰
    ('shocks', float64[:])   # å†²å‡»æ ·æœ¬ï¼ˆæ•°ç»„ï¼‰
]

@jitclass(opt_growth_data)
class OptimalGrowthModel:

    def __init__(self,
                Î±=0.4,
                Î²=0.96,
                Î¼=0,
                s=0.1,
                grid_max=4,
                grid_size=120,
                shock_size=250,
                seed=1234):

        self.Î±, self.Î², self.Î¼, self.s = Î±, Î², Î¼, s

         # è®¾ç½®ç½‘æ ¼
        self.grid = np.linspace(1e-5, grid_max, grid_size)

        # å­˜å‚¨å†²å‡»ï¼ˆè®¾ç½®éšæœºç§å­ä»¥ç¡®ä¿ç»“æœå¯é‡å¤ï¼‰
        np.random.seed(seed)
        self.shocks = np.exp(Î¼ + s * np.random.randn(shock_size))


    def f(self, k):
       "ç”Ÿäº§å‡½æ•°"
        return k**self.Î±


    def u(self, c):
        "æ•ˆç”¨å‡½æ•°"
        return np.log(c)

    def f_prime(self, k):
        "ç”Ÿäº§å‡½æ•°çš„ä¸€é˜¶å¯¼æ•°"
        return self.Î± * (k**(self.Î± - 1))


    def u_prime(self, c):
        "æ•ˆç”¨å‡½æ•°çš„ä¸€é˜¶å¯¼æ•°"
        return 1/c

    def u_prime_inv(self, c):
        "æ•ˆç”¨å‡½æ•°ä¸€é˜¶å¯¼æ•°çš„åå‡½æ•°"
        return 1/c

------------------


[0;36m  Cell [0;32mIn[4], line 38[0;36m[0m
[0;31m    return k**self.Î±[0m
[0m    ^[0m
[0;31mIndentationError[0m[0;31m:[0m unexpected indent


